<?xml version="1.0" encoding="UTF-8"?>
<!-- Generated by org.testng.reporters.JUnitReportReporter -->
<testsuite hostname="Goswamy" failures="0" tests="1" name="TestNG_2Classes.Regression" time="9.309" errors="0" timestamp="2024-02-26T18:54:01 IST" skipped="0">
  <testcase classname="TestNG_2Classes.Regression" name="add" time="9.309"/>
  <system-out/>
</testsuite> <!-- TestNG_2Classes.Regression -->
