<?xml version="1.0" encoding="UTF-8"?>
<!-- Generated by org.testng.reporters.JUnitReportReporter -->
<testsuite hostname="Goswamy" failures="0" tests="1" name="TestNG_Scripts.Sort_DD_ArrayList" time="5.229" errors="0" timestamp="2024-02-24T11:52:29 IST" skipped="0">
  <testcase classname="TestNG_Scripts.Sort_DD_ArrayList" name="sort" time="5.229"/>
  <system-out/>
</testsuite> <!-- TestNG_Scripts.Sort_DD_ArrayList -->
