<?xml version="1.0" encoding="UTF-8"?>
<!-- Generated by org.testng.reporters.JUnitReportReporter -->
<testsuite hostname="Goswamy" failures="0" tests="1" name="Runner_Scripts.Insta_Login_Runner" time="21.554" errors="0" timestamp="2024-02-28T19:05:15 IST" skipped="0">
  <testcase classname="Runner_Scripts.Insta_Login_Runner" name="insta_Login" time="21.554"/>
  <system-out/>
</testsuite> <!-- Runner_Scripts.Insta_Login_Runner -->
