<?xml version="1.0" encoding="UTF-8"?>
<!-- Generated by org.testng.reporters.JUnitReportReporter -->
<testsuite hostname="Goswamy" failures="0" tests="1" name="TestNG_2classestest.Demo2" time="0.002" errors="0" timestamp="2024-02-23T10:16:36 IST" skipped="0">
  <testcase classname="TestNG_2classestest.Demo2" name="add" time="0.002"/>
  <system-out/>
</testsuite> <!-- TestNG_2classestest.Demo2 -->
