<?xml version="1.0" encoding="UTF-8"?>
<!-- Generated by org.testng.reporters.JUnitReportReporter -->
<testsuite hostname="Goswamy" failures="0" tests="1" name="TestNG_Scripts.Sort_DD" time="4.959" errors="0" timestamp="2024-02-24T10:22:06 IST" skipped="0">
  <testcase classname="TestNG_Scripts.Sort_DD" name="sort" time="4.959"/>
  <system-out/>
</testsuite> <!-- TestNG_Scripts.Sort_DD -->
