<?xml version="1.0" encoding="UTF-8"?>
<!-- Generated by org.testng.reporters.JUnitReportReporter -->
<testsuite hostname="Goswamy" failures="0" tests="2" name="TestNG_Scripts.Runner_Script" time="12.123" errors="0" timestamp="2024-02-26T10:48:08 IST" skipped="0">
  <testcase classname="TestNG_Scripts.Runner_Script" name="playsong1" time="6.962"/>
  <system-out/>
  <testcase classname="TestNG_Scripts.Runner_Script" name="playSong" time="5.161"/>
  <system-out/>
</testsuite> <!-- TestNG_Scripts.Runner_Script -->
