<?xml version="1.0" encoding="UTF-8"?>
<!-- Generated by org.testng.reporters.JUnitReportReporter -->
<testsuite hostname="Goswamy" failures="0" tests="1" name="TestNG_2Classes.Regression2" time="0.001" errors="0" timestamp="2024-02-23T22:54:54 IST" skipped="0">
  <testcase classname="TestNG_2Classes.Regression2" name="test3" time="0.001"/>
  <system-out>
    <![CDATA[Hi Good Morning]]>
  </system-out>
</testsuite> <!-- TestNG_2Classes.Regression2 -->
