<?xml version="1.0" encoding="UTF-8"?>
<!-- Generated by org.testng.reporters.JUnitReportReporter -->
<testsuite hostname="Goswamy" failures="0" tests="1" name="Runner_Scripts.FB_Runner_Script" time="7.628" errors="0" timestamp="2024-02-28T09:33:24 IST" skipped="0">
  <testcase classname="Runner_Scripts.FB_Runner_Script" name="fb_login" time="7.628"/>
  <system-out/>
</testsuite> <!-- Runner_Scripts.FB_Runner_Script -->
