<?xml version="1.0" encoding="UTF-8"?>
<!-- Generated by org.testng.reporters.JUnitReportReporter -->
<testsuite hostname="Goswamy" failures="0" tests="1" name="POM_Scripts.Runner_Fb_Login" time="7.290" errors="0" timestamp="2024-02-28T09:25:13 IST" skipped="0">
  <testcase classname="POM_Scripts.Runner_Fb_Login" name="fb_login" time="7.290"/>
  <system-out/>
</testsuite> <!-- POM_Scripts.Runner_Fb_Login -->
